<?xml version="1.0" encoding="UTF-8"?>
<!-- Generated by org.testng.reporters.JUnitReportReporter -->
<testsuite hostname="DESKTOP-JFFDUU0" failures="0" tests="1" name="Runner.TestRunner" time="0.494" errors="0" timestamp="2025-03-15T10:17:51 IST" skipped="0">
  <testcase classname="Runner.TestRunner" name="runScenario" time="0.494"/>
</testsuite> <!-- Runner.TestRunner -->
