<?xml version="1.0" encoding="UTF-8"?>
<!-- Generated by org.testng.reporters.JUnitReportReporter -->
<testsuite hostname="DESKTOP-JFFDUU0" failures="0" tests="10" name="com.urbanladder.Runner.TestRunner" time="84.385" errors="0" timestamp="2025-03-21T12:32:39 IST" skipped="0">
  <testcase classname="com.urbanladder.Runner.TestRunner" name="runScenario" time="2.226"/>
  <testcase classname="com.urbanladder.Runner.TestRunner" name="runScenario" time="25.616"/>
  <testcase classname="com.urbanladder.Runner.TestRunner" name="runScenario" time="2.139"/>
  <testcase classname="com.urbanladder.Runner.TestRunner" name="runScenario" time="30.851"/>
  <testcase classname="com.urbanladder.Runner.TestRunner" name="runScenario" time="6.807"/>
  <testcase classname="com.urbanladder.Runner.TestRunner" name="runScenario" time="0.701"/>
  <testcase classname="com.urbanladder.Runner.TestRunner" name="runScenario" time="3.866"/>
  <testcase classname="com.urbanladder.Runner.TestRunner" name="runScenario" time="7.466"/>
  <testcase classname="com.urbanladder.Runner.TestRunner" name="runScenario" time="2.276"/>
  <testcase classname="com.urbanladder.Runner.TestRunner" name="runScenario" time="2.437"/>
</testsuite> <!-- com.urbanladder.Runner.TestRunner -->
