<?xml version="1.0" encoding="UTF-8"?>
<!-- Generated by org.testng.reporters.JUnitReportReporter -->
<testsuite hostname="DESKTOP-JFFDUU0" failures="0" tests="1" name="com.urbanladder.Runner.HomeRunner" time="2.587" errors="0" timestamp="2025-03-17T13:43:28 IST" skipped="0">
  <testcase classname="com.urbanladder.Runner.HomeRunner" name="runScenario" time="2.587"/>
</testsuite> <!-- com.urbanladder.Runner.HomeRunner -->
