<?xml version="1.0" encoding="UTF-8"?>
<!-- Generated by org.testng.reporters.JUnitReportReporter -->
<testsuite hostname="DESKTOP-JFFDUU0" failures="0" tests="10" name="com.urbanladder.Runner.TestRunner" time="87.007" errors="0" timestamp="2025-03-21T12:42:30 IST" skipped="0">
  <testcase classname="com.urbanladder.Runner.TestRunner" name="runScenario" time="21.951"/>
  <testcase classname="com.urbanladder.Runner.TestRunner" name="runScenario" time="7.211"/>
  <testcase classname="com.urbanladder.Runner.TestRunner" name="runScenario" time="3.214"/>
  <testcase classname="com.urbanladder.Runner.TestRunner" name="runScenario" time="2.403"/>
  <testcase classname="com.urbanladder.Runner.TestRunner" name="runScenario" time="2.574"/>
  <testcase classname="com.urbanladder.Runner.TestRunner" name="runScenario" time="2.589"/>
  <testcase classname="com.urbanladder.Runner.TestRunner" name="runScenario" time="9.680"/>
  <testcase classname="com.urbanladder.Runner.TestRunner" name="runScenario" time="32.585"/>
  <testcase classname="com.urbanladder.Runner.TestRunner" name="runScenario" time="2.145"/>
  <testcase classname="com.urbanladder.Runner.TestRunner" name="runScenario" time="2.655"/>
</testsuite> <!-- com.urbanladder.Runner.TestRunner -->
